2013-03-30 22:56:28,155 - Log4JLogChute initialized using file 'velocity.log'
2013-03-30 22:56:28,155 - Starting Apache Velocity v1.6.4 (compiled: 2010-04-27 15:31:23)
2013-03-30 22:56:28,155 - Default Properties File: org/apache/velocity/runtime/defaults/velocity.properties
2013-03-30 22:56:28,155 - Trying to use logger class org.apache.velocity.runtime.log.AvalonLogChute
2013-03-30 22:56:28,155 - Target log system for org.apache.velocity.runtime.log.AvalonLogChute is not available (java.lang.NoClassDefFoundError: org/apache/log/format/Formatter).  Falling back to next log system...
2013-03-30 22:56:28,155 - Trying to use logger class org.apache.velocity.runtime.log.Log4JLogChute
2013-03-30 22:56:28,155 - Using logger class org.apache.velocity.runtime.log.Log4JLogChute
2013-03-30 22:56:28,158 - ResourceLoader instantiated: org.apache.velocity.runtime.resource.loader.FileResourceLoader
2013-03-30 22:56:28,158 - Do unicode file recognition:  false
2013-03-30 22:56:28,158 - FileResourceLoader : adding path '/tmp/jetty-0.0.0.0-9999-struts2-showcase.war-_struts2-showcase.war-any-/webapp'
2013-03-30 22:56:28,160 - ResourceLoader instantiated: org.apache.struts2.views.velocity.StrutsResourceLoader
2013-03-30 22:56:28,160 - ResourceCache: initialized (class org.apache.velocity.runtime.resource.ResourceCacheImpl) with class java.util.Collections$SynchronizedMap cache map.
2013-03-30 22:56:28,160 - Loaded System Directive: org.apache.velocity.runtime.directive.Define
2013-03-30 22:56:28,160 - Loaded System Directive: org.apache.velocity.runtime.directive.Break
2013-03-30 22:56:28,160 - Loaded System Directive: org.apache.velocity.runtime.directive.Evaluate
2013-03-30 22:56:28,161 - Loaded System Directive: org.apache.velocity.runtime.directive.Literal
2013-03-30 22:56:28,161 - Loaded System Directive: org.apache.velocity.runtime.directive.Macro
2013-03-30 22:56:28,161 - Loaded System Directive: org.apache.velocity.runtime.directive.Parse
2013-03-30 22:56:28,161 - Loaded System Directive: org.apache.velocity.runtime.directive.Include
2013-03-30 22:56:28,161 - Loaded System Directive: org.apache.velocity.runtime.directive.Foreach
2013-03-30 22:56:28,163 - Loaded User Directive: org.apache.struts2.views.velocity.components.ActionDirective
2013-03-30 22:56:28,165 - Loaded User Directive: org.apache.struts2.views.velocity.components.BeanDirective
2013-03-30 22:56:28,167 - Loaded User Directive: org.apache.struts2.views.velocity.components.CheckBoxDirective
2013-03-30 22:56:28,168 - Loaded User Directive: org.apache.struts2.views.velocity.components.CheckBoxListDirective
2013-03-30 22:56:28,170 - Loaded User Directive: org.apache.struts2.views.velocity.components.ComboBoxDirective
2013-03-30 22:56:28,171 - Loaded User Directive: org.apache.struts2.views.velocity.components.ComponentDirective
2013-03-30 22:56:28,172 - Loaded User Directive: org.apache.struts2.views.velocity.components.DateDirective
2013-03-30 22:56:28,174 - Loaded User Directive: org.apache.struts2.views.velocity.components.DivDirective
2013-03-30 22:56:28,175 - Loaded User Directive: org.apache.struts2.views.velocity.components.DoubleSelectDirective
2013-03-30 22:56:28,184 - Loaded User Directive: org.apache.struts2.views.velocity.components.FileDirective
2013-03-30 22:56:28,186 - Loaded User Directive: org.apache.struts2.views.velocity.components.FormDirective
2013-03-30 22:56:28,186 - Loaded User Directive: org.apache.struts2.views.velocity.components.HeadDirective
2013-03-30 22:56:28,187 - Loaded User Directive: org.apache.struts2.views.velocity.components.HiddenDirective
2013-03-30 22:56:28,188 - Loaded User Directive: org.apache.struts2.views.velocity.components.AnchorDirective
2013-03-30 22:56:28,189 - Loaded User Directive: org.apache.struts2.views.velocity.components.I18nDirective
2013-03-30 22:56:28,190 - Loaded User Directive: org.apache.struts2.views.velocity.components.IncludeDirective
2013-03-30 22:56:28,191 - Loaded User Directive: org.apache.struts2.views.velocity.components.LabelDirective
2013-03-30 22:56:28,204 - Loaded User Directive: org.apache.struts2.views.velocity.components.ParamDirective
2013-03-30 22:56:28,204 - Loaded User Directive: org.apache.struts2.views.velocity.components.PasswordDirective
2013-03-30 22:56:28,205 - Loaded User Directive: org.apache.struts2.views.velocity.components.PushDirective
2013-03-30 22:56:28,206 - Loaded User Directive: org.apache.struts2.views.velocity.components.PropertyDirective
2013-03-30 22:56:28,207 - Loaded User Directive: org.apache.struts2.views.velocity.components.RadioDirective
2013-03-30 22:56:28,207 - Loaded User Directive: org.apache.struts2.views.velocity.components.SelectDirective
2013-03-30 22:56:28,208 - Loaded User Directive: org.apache.struts2.views.velocity.components.SetDirective
2013-03-30 22:56:28,209 - Loaded User Directive: org.apache.struts2.views.velocity.components.SubmitDirective
2013-03-30 22:56:28,210 - Loaded User Directive: org.apache.struts2.views.velocity.components.ResetDirective
2013-03-30 22:56:28,210 - Loaded User Directive: org.apache.struts2.views.velocity.components.TextAreaDirective
2013-03-30 22:56:28,212 - Loaded User Directive: org.apache.struts2.views.velocity.components.TextDirective
2013-03-30 22:56:28,212 - Loaded User Directive: org.apache.struts2.views.velocity.components.TextFieldDirective
2013-03-30 22:56:28,213 - Loaded User Directive: org.apache.struts2.views.velocity.components.TokenDirective
2013-03-30 22:56:28,214 - Loaded User Directive: org.apache.struts2.views.velocity.components.URLDirective
2013-03-30 22:56:28,214 - Loaded User Directive: org.apache.struts2.views.velocity.components.ActionErrorDirective
2013-03-30 22:56:28,215 - Loaded User Directive: org.apache.struts2.views.velocity.components.ActionMessageDirective
2013-03-30 22:56:28,236 - Loaded User Directive: org.apache.struts2.views.velocity.components.FieldErrorDirective
2013-03-30 22:56:28,237 - Loaded User Directive: org.apache.struts2.views.velocity.components.OptionTransferSelectDirective
2013-03-30 22:56:28,243 - Loaded User Directive: org.apache.struts2.views.velocity.components.UpDownSelectDirective
2013-03-30 22:56:28,245 - Loaded User Directive: org.apache.struts2.dojo.views.velocity.components.DateTimePickerDirective
2013-03-30 22:56:28,250 - Loaded User Directive: org.apache.struts2.dojo.views.velocity.components.DivDirective
2013-03-30 22:56:28,252 - Loaded User Directive: org.apache.struts2.dojo.views.velocity.components.AutocompleterDirective
2013-03-30 22:56:28,252 - Loaded User Directive: org.apache.struts2.dojo.views.velocity.components.AnchorDirective
2013-03-30 22:56:28,253 - Loaded User Directive: org.apache.struts2.dojo.views.velocity.components.SubmitDirective
2013-03-30 22:56:28,254 - Loaded User Directive: org.apache.struts2.dojo.views.velocity.components.TabbedPanelDirective
2013-03-30 22:56:28,255 - Loaded User Directive: org.apache.struts2.dojo.views.velocity.components.TreeDirective
2013-03-30 22:56:28,258 - Loaded User Directive: org.apache.struts2.dojo.views.velocity.components.TreeNodeDirective
2013-03-30 22:56:28,259 - Loaded User Directive: org.apache.struts2.dojo.views.velocity.components.HeadDirective
2013-03-30 22:56:28,261 - Loaded User Directive: org.apache.struts2.dojo.views.velocity.components.BindDirective
2013-03-30 22:56:28,262 - Loaded User Directive: org.apache.struts2.dojo.views.velocity.components.TextAreaDirective
2013-03-30 22:56:28,262 - Loaded User Directive: org.apache.struts2.views.velocity.components.ActionDirective
2013-03-30 22:56:28,262 - Loaded User Directive: org.apache.struts2.views.velocity.components.BeanDirective
2013-03-30 22:56:28,262 - Loaded User Directive: org.apache.struts2.views.velocity.components.CheckBoxDirective
2013-03-30 22:56:28,262 - Loaded User Directive: org.apache.struts2.views.velocity.components.CheckBoxListDirective
2013-03-30 22:56:28,262 - Loaded User Directive: org.apache.struts2.views.velocity.components.ComboBoxDirective
2013-03-30 22:56:28,262 - Loaded User Directive: org.apache.struts2.views.velocity.components.ComponentDirective
2013-03-30 22:56:28,262 - Loaded User Directive: org.apache.struts2.views.velocity.components.DateDirective
2013-03-30 22:56:28,263 - Loaded User Directive: org.apache.struts2.views.velocity.components.DivDirective
2013-03-30 22:56:28,263 - Loaded User Directive: org.apache.struts2.views.velocity.components.DoubleSelectDirective
2013-03-30 22:56:28,263 - Loaded User Directive: org.apache.struts2.views.velocity.components.FileDirective
2013-03-30 22:56:28,263 - Loaded User Directive: org.apache.struts2.views.velocity.components.FormDirective
2013-03-30 22:56:28,263 - Loaded User Directive: org.apache.struts2.views.velocity.components.HeadDirective
2013-03-30 22:56:28,263 - Loaded User Directive: org.apache.struts2.views.velocity.components.HiddenDirective
2013-03-30 22:56:28,263 - Loaded User Directive: org.apache.struts2.views.velocity.components.AnchorDirective
2013-03-30 22:56:28,263 - Loaded User Directive: org.apache.struts2.views.velocity.components.I18nDirective
2013-03-30 22:56:28,263 - Loaded User Directive: org.apache.struts2.views.velocity.components.IncludeDirective
2013-03-30 22:56:28,263 - Loaded User Directive: org.apache.struts2.views.velocity.components.LabelDirective
2013-03-30 22:56:28,263 - Loaded User Directive: org.apache.struts2.views.velocity.components.ParamDirective
2013-03-30 22:56:28,263 - Loaded User Directive: org.apache.struts2.views.velocity.components.PasswordDirective
2013-03-30 22:56:28,263 - Loaded User Directive: org.apache.struts2.views.velocity.components.PushDirective
2013-03-30 22:56:28,263 - Loaded User Directive: org.apache.struts2.views.velocity.components.PropertyDirective
2013-03-30 22:56:28,263 - Loaded User Directive: org.apache.struts2.views.velocity.components.RadioDirective
2013-03-30 22:56:28,263 - Loaded User Directive: org.apache.struts2.views.velocity.components.SelectDirective
2013-03-30 22:56:28,263 - Loaded User Directive: org.apache.struts2.views.velocity.components.SetDirective
2013-03-30 22:56:28,263 - Loaded User Directive: org.apache.struts2.views.velocity.components.SubmitDirective
2013-03-30 22:56:28,263 - Loaded User Directive: org.apache.struts2.views.velocity.components.ResetDirective
2013-03-30 22:56:28,263 - Loaded User Directive: org.apache.struts2.views.velocity.components.TextAreaDirective
2013-03-30 22:56:28,264 - Loaded User Directive: org.apache.struts2.views.velocity.components.TextDirective
2013-03-30 22:56:28,264 - Loaded User Directive: org.apache.struts2.views.velocity.components.TextFieldDirective
2013-03-30 22:56:28,264 - Loaded User Directive: org.apache.struts2.views.velocity.components.TokenDirective
2013-03-30 22:56:28,264 - Loaded User Directive: org.apache.struts2.views.velocity.components.URLDirective
2013-03-30 22:56:28,264 - Loaded User Directive: org.apache.struts2.views.velocity.components.ActionErrorDirective
2013-03-30 22:56:28,264 - Loaded User Directive: org.apache.struts2.views.velocity.components.ActionMessageDirective
2013-03-30 22:56:28,264 - Loaded User Directive: org.apache.struts2.views.velocity.components.FieldErrorDirective
2013-03-30 22:56:28,264 - Loaded User Directive: org.apache.struts2.views.velocity.components.OptionTransferSelectDirective
2013-03-30 22:56:28,264 - Loaded User Directive: org.apache.struts2.views.velocity.components.UpDownSelectDirective
2013-03-30 22:56:28,264 - Loaded User Directive: org.apache.struts2.dojo.views.velocity.components.DateTimePickerDirective
2013-03-30 22:56:28,264 - Loaded User Directive: org.apache.struts2.dojo.views.velocity.components.DivDirective
2013-03-30 22:56:28,264 - Loaded User Directive: org.apache.struts2.dojo.views.velocity.components.AutocompleterDirective
2013-03-30 22:56:28,264 - Loaded User Directive: org.apache.struts2.dojo.views.velocity.components.AnchorDirective
2013-03-30 22:56:28,264 - Loaded User Directive: org.apache.struts2.dojo.views.velocity.components.SubmitDirective
2013-03-30 22:56:28,264 - Loaded User Directive: org.apache.struts2.dojo.views.velocity.components.TabbedPanelDirective
2013-03-30 22:56:28,264 - Loaded User Directive: org.apache.struts2.dojo.views.velocity.components.TreeDirective
2013-03-30 22:56:28,264 - Loaded User Directive: org.apache.struts2.dojo.views.velocity.components.TreeNodeDirective
2013-03-30 22:56:28,264 - Loaded User Directive: org.apache.struts2.dojo.views.velocity.components.HeadDirective
2013-03-30 22:56:28,264 - Loaded User Directive: org.apache.struts2.dojo.views.velocity.components.BindDirective
2013-03-30 22:56:28,264 - Loaded User Directive: org.apache.struts2.dojo.views.velocity.components.TextAreaDirective
2013-03-30 22:56:28,265 - Velocity was not initialized! Calling init()...
2013-03-30 22:56:28,265 - Velocity was not initialized! Calling init()...
2013-03-30 22:56:28,265 - Velocity was not initialized! Calling init()...
2013-03-30 22:56:28,265 - Velocity was not initialized! Calling init()...
2013-03-30 22:56:28,265 - Velocity was not initialized! Calling init()...
2013-03-30 22:56:28,265 - Velocity was not initialized! Calling init()...
2013-03-30 22:56:28,266 - Velocity was not initialized! Calling init()...
2013-03-30 22:56:28,266 - Velocity was not initialized! Calling init()...
2013-03-30 22:56:28,266 - Velocity was not initialized! Calling init()...
2013-03-30 22:56:28,266 - Velocity was not initialized! Calling init()...
2013-03-30 22:56:28,266 - Velocity was not initialized! Calling init()...
2013-03-30 22:56:28,267 - Velocity was not initialized! Calling init()...
2013-03-30 22:56:28,267 - Velocity was not initialized! Calling init()...
2013-03-30 22:56:28,267 - Velocity was not initialized! Calling init()...
2013-03-30 22:56:28,267 - Velocity was not initialized! Calling init()...
2013-03-30 22:56:28,267 - Velocity was not initialized! Calling init()...
2013-03-30 22:56:28,267 - Velocity was not initialized! Calling init()...
2013-03-30 22:56:28,268 - Velocity was not initialized! Calling init()...
2013-03-30 22:56:28,268 - Velocity was not initialized! Calling init()...
2013-03-30 22:56:28,268 - Velocity was not initialized! Calling init()...
2013-03-30 22:56:28,268 - Created '20' parsers.
2013-03-30 22:56:28,268 - Velocimacro : "velocimacro.library" is not set.  Trying default library: VM_global_library.vm
2013-03-30 22:56:28,268 - Velocity was not initialized! Calling init()...
2013-03-30 22:56:28,270 - Velocimacro : Default library not found.
2013-03-30 22:56:28,270 - Velocimacro : allowInline = true : VMs can be defined inline in templates
2013-03-30 22:56:28,270 - Velocimacro : allowInlineToOverride = false : VMs defined inline may NOT replace previous VM definitions
2013-03-30 22:56:28,270 - Velocimacro : allowInlineLocal = false : VMs defined inline will be global in scope if allowed.
2013-03-30 22:56:28,270 - Velocimacro : autoload off : VM system will not automatically reload global library macros
2013-03-30 22:56:28,272 - VelocityViewServlet: Default content-type is: text/html
2013-03-30 22:57:28,433 - Log4JLogChute initialized using file 'velocity.log'
2013-03-30 22:57:28,433 - Starting Apache Velocity v1.6.4 (compiled: 2010-04-27 15:31:23)
2013-03-30 22:57:28,433 - Default Properties File: org/apache/velocity/runtime/defaults/velocity.properties
2013-03-30 22:57:28,433 - Trying to use logger class org.apache.velocity.runtime.log.AvalonLogChute
2013-03-30 22:57:28,433 - Target log system for org.apache.velocity.runtime.log.AvalonLogChute is not available (java.lang.NoClassDefFoundError: org/apache/log/format/Formatter).  Falling back to next log system...
2013-03-30 22:57:28,433 - Trying to use logger class org.apache.velocity.runtime.log.Log4JLogChute
2013-03-30 22:57:28,433 - Using logger class org.apache.velocity.runtime.log.Log4JLogChute
2013-03-30 22:57:28,436 - ResourceLoader instantiated: org.apache.velocity.runtime.resource.loader.FileResourceLoader
2013-03-30 22:57:28,436 - Do unicode file recognition:  false
2013-03-30 22:57:28,436 - FileResourceLoader : adding path '/tmp/jetty-0.0.0.0-9999-struts2-showcase.war-_struts2-showcase.war-any-/webapp'
2013-03-30 22:57:28,438 - ResourceLoader instantiated: org.apache.struts2.views.velocity.StrutsResourceLoader
2013-03-30 22:57:28,438 - ResourceCache: initialized (class org.apache.velocity.runtime.resource.ResourceCacheImpl) with class java.util.Collections$SynchronizedMap cache map.
2013-03-30 22:57:28,439 - Loaded System Directive: org.apache.velocity.runtime.directive.Define
2013-03-30 22:57:28,439 - Loaded System Directive: org.apache.velocity.runtime.directive.Break
2013-03-30 22:57:28,439 - Loaded System Directive: org.apache.velocity.runtime.directive.Evaluate
2013-03-30 22:57:28,439 - Loaded System Directive: org.apache.velocity.runtime.directive.Literal
2013-03-30 22:57:28,439 - Loaded System Directive: org.apache.velocity.runtime.directive.Macro
2013-03-30 22:57:28,439 - Loaded System Directive: org.apache.velocity.runtime.directive.Parse
2013-03-30 22:57:28,439 - Loaded System Directive: org.apache.velocity.runtime.directive.Include
2013-03-30 22:57:28,439 - Loaded System Directive: org.apache.velocity.runtime.directive.Foreach
2013-03-30 22:57:28,442 - Loaded User Directive: org.apache.struts2.views.velocity.components.ActionDirective
2013-03-30 22:57:28,443 - Loaded User Directive: org.apache.struts2.views.velocity.components.BeanDirective
2013-03-30 22:57:28,456 - Loaded User Directive: org.apache.struts2.views.velocity.components.CheckBoxDirective
2013-03-30 22:57:28,457 - Loaded User Directive: org.apache.struts2.views.velocity.components.CheckBoxListDirective
2013-03-30 22:57:28,458 - Loaded User Directive: org.apache.struts2.views.velocity.components.ComboBoxDirective
2013-03-30 22:57:28,459 - Loaded User Directive: org.apache.struts2.views.velocity.components.ComponentDirective
2013-03-30 22:57:28,460 - Loaded User Directive: org.apache.struts2.views.velocity.components.DateDirective
2013-03-30 22:57:28,461 - Loaded User Directive: org.apache.struts2.views.velocity.components.DivDirective
2013-03-30 22:57:28,463 - Loaded User Directive: org.apache.struts2.views.velocity.components.DoubleSelectDirective
2013-03-30 22:57:28,463 - Loaded User Directive: org.apache.struts2.views.velocity.components.FileDirective
2013-03-30 22:57:28,464 - Loaded User Directive: org.apache.struts2.views.velocity.components.FormDirective
2013-03-30 22:57:28,465 - Loaded User Directive: org.apache.struts2.views.velocity.components.HeadDirective
2013-03-30 22:57:28,466 - Loaded User Directive: org.apache.struts2.views.velocity.components.HiddenDirective
2013-03-30 22:57:28,467 - Loaded User Directive: org.apache.struts2.views.velocity.components.AnchorDirective
2013-03-30 22:57:28,480 - Loaded User Directive: org.apache.struts2.views.velocity.components.I18nDirective
2013-03-30 22:57:28,481 - Loaded User Directive: org.apache.struts2.views.velocity.components.IncludeDirective
2013-03-30 22:57:28,481 - Loaded User Directive: org.apache.struts2.views.velocity.components.LabelDirective
2013-03-30 22:57:28,482 - Loaded User Directive: org.apache.struts2.views.velocity.components.ParamDirective
2013-03-30 22:57:28,483 - Loaded User Directive: org.apache.struts2.views.velocity.components.PasswordDirective
2013-03-30 22:57:28,483 - Loaded User Directive: org.apache.struts2.views.velocity.components.PushDirective
2013-03-30 22:57:28,485 - Loaded User Directive: org.apache.struts2.views.velocity.components.PropertyDirective
2013-03-30 22:57:28,486 - Loaded User Directive: org.apache.struts2.views.velocity.components.RadioDirective
2013-03-30 22:57:28,487 - Loaded User Directive: org.apache.struts2.views.velocity.components.SelectDirective
2013-03-30 22:57:28,488 - Loaded User Directive: org.apache.struts2.views.velocity.components.SetDirective
2013-03-30 22:57:28,497 - Loaded User Directive: org.apache.struts2.views.velocity.components.SubmitDirective
2013-03-30 22:57:28,498 - Loaded User Directive: org.apache.struts2.views.velocity.components.ResetDirective
2013-03-30 22:57:28,499 - Loaded User Directive: org.apache.struts2.views.velocity.components.TextAreaDirective
2013-03-30 22:57:28,501 - Loaded User Directive: org.apache.struts2.views.velocity.components.TextDirective
2013-03-30 22:57:28,501 - Loaded User Directive: org.apache.struts2.views.velocity.components.TextFieldDirective
2013-03-30 22:57:28,502 - Loaded User Directive: org.apache.struts2.views.velocity.components.TokenDirective
2013-03-30 22:57:28,502 - Loaded User Directive: org.apache.struts2.views.velocity.components.URLDirective
2013-03-30 22:57:28,503 - Loaded User Directive: org.apache.struts2.views.velocity.components.ActionErrorDirective
2013-03-30 22:57:28,508 - Loaded User Directive: org.apache.struts2.views.velocity.components.ActionMessageDirective
2013-03-30 22:57:28,509 - Loaded User Directive: org.apache.struts2.views.velocity.components.FieldErrorDirective
2013-03-30 22:57:28,511 - Loaded User Directive: org.apache.struts2.views.velocity.components.OptionTransferSelectDirective
2013-03-30 22:57:28,520 - Loaded User Directive: org.apache.struts2.views.velocity.components.UpDownSelectDirective
2013-03-30 22:57:28,521 - Loaded User Directive: org.apache.struts2.dojo.views.velocity.components.DateTimePickerDirective
2013-03-30 22:57:28,523 - Loaded User Directive: org.apache.struts2.dojo.views.velocity.components.DivDirective
2013-03-30 22:57:28,524 - Loaded User Directive: org.apache.struts2.dojo.views.velocity.components.AutocompleterDirective
2013-03-30 22:57:28,524 - Loaded User Directive: org.apache.struts2.dojo.views.velocity.components.AnchorDirective
2013-03-30 22:57:28,525 - Loaded User Directive: org.apache.struts2.dojo.views.velocity.components.SubmitDirective
2013-03-30 22:57:28,525 - Loaded User Directive: org.apache.struts2.dojo.views.velocity.components.TabbedPanelDirective
2013-03-30 22:57:28,527 - Loaded User Directive: org.apache.struts2.dojo.views.velocity.components.TreeDirective
2013-03-30 22:57:28,527 - Loaded User Directive: org.apache.struts2.dojo.views.velocity.components.TreeNodeDirective
2013-03-30 22:57:28,532 - Loaded User Directive: org.apache.struts2.dojo.views.velocity.components.HeadDirective
2013-03-30 22:57:28,544 - Loaded User Directive: org.apache.struts2.dojo.views.velocity.components.BindDirective
2013-03-30 22:57:28,545 - Loaded User Directive: org.apache.struts2.dojo.views.velocity.components.TextAreaDirective
2013-03-30 22:57:28,545 - Loaded User Directive: org.apache.struts2.views.velocity.components.ActionDirective
2013-03-30 22:57:28,545 - Loaded User Directive: org.apache.struts2.views.velocity.components.BeanDirective
2013-03-30 22:57:28,545 - Loaded User Directive: org.apache.struts2.views.velocity.components.CheckBoxDirective
2013-03-30 22:57:28,545 - Loaded User Directive: org.apache.struts2.views.velocity.components.CheckBoxListDirective
2013-03-30 22:57:28,545 - Loaded User Directive: org.apache.struts2.views.velocity.components.ComboBoxDirective
2013-03-30 22:57:28,545 - Loaded User Directive: org.apache.struts2.views.velocity.components.ComponentDirective
2013-03-30 22:57:28,545 - Loaded User Directive: org.apache.struts2.views.velocity.components.DateDirective
2013-03-30 22:57:28,546 - Loaded User Directive: org.apache.struts2.views.velocity.components.DivDirective
2013-03-30 22:57:28,546 - Loaded User Directive: org.apache.struts2.views.velocity.components.DoubleSelectDirective
2013-03-30 22:57:28,546 - Loaded User Directive: org.apache.struts2.views.velocity.components.FileDirective
2013-03-30 22:57:28,546 - Loaded User Directive: org.apache.struts2.views.velocity.components.FormDirective
2013-03-30 22:57:28,546 - Loaded User Directive: org.apache.struts2.views.velocity.components.HeadDirective
2013-03-30 22:57:28,546 - Loaded User Directive: org.apache.struts2.views.velocity.components.HiddenDirective
2013-03-30 22:57:28,546 - Loaded User Directive: org.apache.struts2.views.velocity.components.AnchorDirective
2013-03-30 22:57:28,546 - Loaded User Directive: org.apache.struts2.views.velocity.components.I18nDirective
2013-03-30 22:57:28,546 - Loaded User Directive: org.apache.struts2.views.velocity.components.IncludeDirective
2013-03-30 22:57:28,546 - Loaded User Directive: org.apache.struts2.views.velocity.components.LabelDirective
2013-03-30 22:57:28,546 - Loaded User Directive: org.apache.struts2.views.velocity.components.ParamDirective
2013-03-30 22:57:28,546 - Loaded User Directive: org.apache.struts2.views.velocity.components.PasswordDirective
2013-03-30 22:57:28,546 - Loaded User Directive: org.apache.struts2.views.velocity.components.PushDirective
2013-03-30 22:57:28,546 - Loaded User Directive: org.apache.struts2.views.velocity.components.PropertyDirective
2013-03-30 22:57:28,546 - Loaded User Directive: org.apache.struts2.views.velocity.components.RadioDirective
2013-03-30 22:57:28,546 - Loaded User Directive: org.apache.struts2.views.velocity.components.SelectDirective
2013-03-30 22:57:28,546 - Loaded User Directive: org.apache.struts2.views.velocity.components.SetDirective
2013-03-30 22:57:28,546 - Loaded User Directive: org.apache.struts2.views.velocity.components.SubmitDirective
2013-03-30 22:57:28,546 - Loaded User Directive: org.apache.struts2.views.velocity.components.ResetDirective
2013-03-30 22:57:28,546 - Loaded User Directive: org.apache.struts2.views.velocity.components.TextAreaDirective
2013-03-30 22:57:28,546 - Loaded User Directive: org.apache.struts2.views.velocity.components.TextDirective
2013-03-30 22:57:28,546 - Loaded User Directive: org.apache.struts2.views.velocity.components.TextFieldDirective
2013-03-30 22:57:28,547 - Loaded User Directive: org.apache.struts2.views.velocity.components.TokenDirective
2013-03-30 22:57:28,547 - Loaded User Directive: org.apache.struts2.views.velocity.components.URLDirective
2013-03-30 22:57:28,547 - Loaded User Directive: org.apache.struts2.views.velocity.components.ActionErrorDirective
2013-03-30 22:57:28,547 - Loaded User Directive: org.apache.struts2.views.velocity.components.ActionMessageDirective
2013-03-30 22:57:28,547 - Loaded User Directive: org.apache.struts2.views.velocity.components.FieldErrorDirective
2013-03-30 22:57:28,547 - Loaded User Directive: org.apache.struts2.views.velocity.components.OptionTransferSelectDirective
2013-03-30 22:57:28,547 - Loaded User Directive: org.apache.struts2.views.velocity.components.UpDownSelectDirective
2013-03-30 22:57:28,547 - Loaded User Directive: org.apache.struts2.dojo.views.velocity.components.DateTimePickerDirective
2013-03-30 22:57:28,547 - Loaded User Directive: org.apache.struts2.dojo.views.velocity.components.DivDirective
2013-03-30 22:57:28,547 - Loaded User Directive: org.apache.struts2.dojo.views.velocity.components.AutocompleterDirective
2013-03-30 22:57:28,547 - Loaded User Directive: org.apache.struts2.dojo.views.velocity.components.AnchorDirective
2013-03-30 22:57:28,547 - Loaded User Directive: org.apache.struts2.dojo.views.velocity.components.SubmitDirective
2013-03-30 22:57:28,547 - Loaded User Directive: org.apache.struts2.dojo.views.velocity.components.TabbedPanelDirective
2013-03-30 22:57:28,547 - Loaded User Directive: org.apache.struts2.dojo.views.velocity.components.TreeDirective
2013-03-30 22:57:28,547 - Loaded User Directive: org.apache.struts2.dojo.views.velocity.components.TreeNodeDirective
2013-03-30 22:57:28,548 - Loaded User Directive: org.apache.struts2.dojo.views.velocity.components.HeadDirective
2013-03-30 22:57:28,548 - Loaded User Directive: org.apache.struts2.dojo.views.velocity.components.BindDirective
2013-03-30 22:57:28,548 - Loaded User Directive: org.apache.struts2.dojo.views.velocity.components.TextAreaDirective
2013-03-30 22:57:28,548 - Velocity was not initialized! Calling init()...
2013-03-30 22:57:28,548 - Velocity was not initialized! Calling init()...
2013-03-30 22:57:28,549 - Velocity was not initialized! Calling init()...
2013-03-30 22:57:28,549 - Velocity was not initialized! Calling init()...
2013-03-30 22:57:28,549 - Velocity was not initialized! Calling init()...
2013-03-30 22:57:28,550 - Velocity was not initialized! Calling init()...
2013-03-30 22:57:28,550 - Velocity was not initialized! Calling init()...
2013-03-30 22:57:28,550 - Velocity was not initialized! Calling init()...
2013-03-30 22:57:28,550 - Velocity was not initialized! Calling init()...
2013-03-30 22:57:28,550 - Velocity was not initialized! Calling init()...
2013-03-30 22:57:28,550 - Velocity was not initialized! Calling init()...
2013-03-30 22:57:28,551 - Velocity was not initialized! Calling init()...
2013-03-30 22:57:28,551 - Velocity was not initialized! Calling init()...
2013-03-30 22:57:28,551 - Velocity was not initialized! Calling init()...
2013-03-30 22:57:28,551 - Velocity was not initialized! Calling init()...
2013-03-30 22:57:28,556 - Velocity was not initialized! Calling init()...
2013-03-30 22:57:28,556 - Velocity was not initialized! Calling init()...
2013-03-30 22:57:28,556 - Velocity was not initialized! Calling init()...
2013-03-30 22:57:28,556 - Velocity was not initialized! Calling init()...
2013-03-30 22:57:28,557 - Velocity was not initialized! Calling init()...
2013-03-30 22:57:28,557 - Created '20' parsers.
2013-03-30 22:57:28,557 - Velocimacro : "velocimacro.library" is not set.  Trying default library: VM_global_library.vm
2013-03-30 22:57:28,557 - Velocity was not initialized! Calling init()...
2013-03-30 22:57:28,558 - Velocimacro : Default library not found.
2013-03-30 22:57:28,558 - Velocimacro : allowInline = true : VMs can be defined inline in templates
2013-03-30 22:57:28,568 - Velocimacro : allowInlineToOverride = false : VMs defined inline may NOT replace previous VM definitions
2013-03-30 22:57:28,568 - Velocimacro : allowInlineLocal = false : VMs defined inline will be global in scope if allowed.
2013-03-30 22:57:28,568 - Velocimacro : autoload off : VM system will not automatically reload global library macros
2013-03-30 22:57:28,570 - VelocityViewServlet: Default content-type is: text/html
2013-03-30 23:15:40,274 - Log4JLogChute initialized using file 'velocity.log'
2013-03-30 23:15:40,275 - Starting Apache Velocity v1.6.4 (compiled: 2010-04-27 15:31:23)
2013-03-30 23:15:40,275 - Default Properties File: org/apache/velocity/runtime/defaults/velocity.properties
2013-03-30 23:15:40,275 - Trying to use logger class org.apache.velocity.runtime.log.AvalonLogChute
2013-03-30 23:15:40,275 - Target log system for org.apache.velocity.runtime.log.AvalonLogChute is not available (java.lang.NoClassDefFoundError: org/apache/log/format/Formatter).  Falling back to next log system...
2013-03-30 23:15:40,275 - Trying to use logger class org.apache.velocity.runtime.log.Log4JLogChute
2013-03-30 23:15:40,275 - Using logger class org.apache.velocity.runtime.log.Log4JLogChute
2013-03-30 23:15:40,277 - ResourceLoader instantiated: org.apache.velocity.runtime.resource.loader.FileResourceLoader
2013-03-30 23:15:40,277 - Do unicode file recognition:  false
2013-03-30 23:15:40,277 - FileResourceLoader : adding path '/tmp/jetty-0.0.0.0-9999-struts2-showcase.war-_struts2-showcase.war-any-/webapp'
2013-03-30 23:15:40,279 - ResourceLoader instantiated: org.apache.struts2.views.velocity.StrutsResourceLoader
2013-03-30 23:15:40,280 - ResourceCache: initialized (class org.apache.velocity.runtime.resource.ResourceCacheImpl) with class java.util.Collections$SynchronizedMap cache map.
2013-03-30 23:15:40,281 - Loaded System Directive: org.apache.velocity.runtime.directive.Define
2013-03-30 23:15:40,281 - Loaded System Directive: org.apache.velocity.runtime.directive.Break
2013-03-30 23:15:40,281 - Loaded System Directive: org.apache.velocity.runtime.directive.Evaluate
2013-03-30 23:15:40,281 - Loaded System Directive: org.apache.velocity.runtime.directive.Literal
2013-03-30 23:15:40,281 - Loaded System Directive: org.apache.velocity.runtime.directive.Macro
2013-03-30 23:15:40,281 - Loaded System Directive: org.apache.velocity.runtime.directive.Parse
2013-03-30 23:15:40,281 - Loaded System Directive: org.apache.velocity.runtime.directive.Include
2013-03-30 23:15:40,281 - Loaded System Directive: org.apache.velocity.runtime.directive.Foreach
2013-03-30 23:15:40,285 - Loaded User Directive: org.apache.struts2.views.velocity.components.ActionDirective
2013-03-30 23:15:40,286 - Loaded User Directive: org.apache.struts2.views.velocity.components.BeanDirective
2013-03-30 23:15:40,288 - Loaded User Directive: org.apache.struts2.views.velocity.components.CheckBoxDirective
2013-03-30 23:15:40,289 - Loaded User Directive: org.apache.struts2.views.velocity.components.CheckBoxListDirective
2013-03-30 23:15:40,290 - Loaded User Directive: org.apache.struts2.views.velocity.components.ComboBoxDirective
2013-03-30 23:15:40,291 - Loaded User Directive: org.apache.struts2.views.velocity.components.ComponentDirective
2013-03-30 23:15:40,292 - Loaded User Directive: org.apache.struts2.views.velocity.components.DateDirective
2013-03-30 23:15:40,294 - Loaded User Directive: org.apache.struts2.views.velocity.components.DivDirective
2013-03-30 23:15:40,298 - Loaded User Directive: org.apache.struts2.views.velocity.components.DoubleSelectDirective
2013-03-30 23:15:40,299 - Loaded User Directive: org.apache.struts2.views.velocity.components.FileDirective
2013-03-30 23:15:40,300 - Loaded User Directive: org.apache.struts2.views.velocity.components.FormDirective
2013-03-30 23:15:40,301 - Loaded User Directive: org.apache.struts2.views.velocity.components.HeadDirective
2013-03-30 23:15:40,301 - Loaded User Directive: org.apache.struts2.views.velocity.components.HiddenDirective
2013-03-30 23:15:40,303 - Loaded User Directive: org.apache.struts2.views.velocity.components.AnchorDirective
2013-03-30 23:15:40,304 - Loaded User Directive: org.apache.struts2.views.velocity.components.I18nDirective
2013-03-30 23:15:40,305 - Loaded User Directive: org.apache.struts2.views.velocity.components.IncludeDirective
2013-03-30 23:15:40,305 - Loaded User Directive: org.apache.struts2.views.velocity.components.LabelDirective
2013-03-30 23:15:40,306 - Loaded User Directive: org.apache.struts2.views.velocity.components.ParamDirective
2013-03-30 23:15:40,307 - Loaded User Directive: org.apache.struts2.views.velocity.components.PasswordDirective
2013-03-30 23:15:40,307 - Loaded User Directive: org.apache.struts2.views.velocity.components.PushDirective
2013-03-30 23:15:40,308 - Loaded User Directive: org.apache.struts2.views.velocity.components.PropertyDirective
2013-03-30 23:15:40,309 - Loaded User Directive: org.apache.struts2.views.velocity.components.RadioDirective
2013-03-30 23:15:40,309 - Loaded User Directive: org.apache.struts2.views.velocity.components.SelectDirective
2013-03-30 23:15:40,310 - Loaded User Directive: org.apache.struts2.views.velocity.components.SetDirective
2013-03-30 23:15:40,311 - Loaded User Directive: org.apache.struts2.views.velocity.components.SubmitDirective
2013-03-30 23:15:40,312 - Loaded User Directive: org.apache.struts2.views.velocity.components.ResetDirective
2013-03-30 23:15:40,313 - Loaded User Directive: org.apache.struts2.views.velocity.components.TextAreaDirective
2013-03-30 23:15:40,314 - Loaded User Directive: org.apache.struts2.views.velocity.components.TextDirective
2013-03-30 23:15:40,314 - Loaded User Directive: org.apache.struts2.views.velocity.components.TextFieldDirective
2013-03-30 23:15:40,315 - Loaded User Directive: org.apache.struts2.views.velocity.components.TokenDirective
2013-03-30 23:15:40,316 - Loaded User Directive: org.apache.struts2.views.velocity.components.URLDirective
2013-03-30 23:15:40,317 - Loaded User Directive: org.apache.struts2.views.velocity.components.ActionErrorDirective
2013-03-30 23:15:40,317 - Loaded User Directive: org.apache.struts2.views.velocity.components.ActionMessageDirective
2013-03-30 23:15:40,318 - Loaded User Directive: org.apache.struts2.views.velocity.components.FieldErrorDirective
2013-03-30 23:15:40,320 - Loaded User Directive: org.apache.struts2.views.velocity.components.OptionTransferSelectDirective
2013-03-30 23:15:40,321 - Loaded User Directive: org.apache.struts2.views.velocity.components.UpDownSelectDirective
2013-03-30 23:15:40,326 - Loaded User Directive: org.apache.struts2.dojo.views.velocity.components.DateTimePickerDirective
2013-03-30 23:15:40,329 - Loaded User Directive: org.apache.struts2.dojo.views.velocity.components.DivDirective
2013-03-30 23:15:40,331 - Loaded User Directive: org.apache.struts2.dojo.views.velocity.components.AutocompleterDirective
2013-03-30 23:15:40,331 - Loaded User Directive: org.apache.struts2.dojo.views.velocity.components.AnchorDirective
2013-03-30 23:15:40,331 - Loaded User Directive: org.apache.struts2.dojo.views.velocity.components.SubmitDirective
2013-03-30 23:15:40,332 - Loaded User Directive: org.apache.struts2.dojo.views.velocity.components.TabbedPanelDirective
2013-03-30 23:15:40,334 - Loaded User Directive: org.apache.struts2.dojo.views.velocity.components.TreeDirective
2013-03-30 23:15:40,335 - Loaded User Directive: org.apache.struts2.dojo.views.velocity.components.TreeNodeDirective
2013-03-30 23:15:40,343 - Loaded User Directive: org.apache.struts2.dojo.views.velocity.components.HeadDirective
2013-03-30 23:15:40,345 - Loaded User Directive: org.apache.struts2.dojo.views.velocity.components.BindDirective
2013-03-30 23:15:40,346 - Loaded User Directive: org.apache.struts2.dojo.views.velocity.components.TextAreaDirective
2013-03-30 23:15:40,346 - Loaded User Directive: org.apache.struts2.views.velocity.components.ActionDirective
2013-03-30 23:15:40,346 - Loaded User Directive: org.apache.struts2.views.velocity.components.BeanDirective
2013-03-30 23:15:40,346 - Loaded User Directive: org.apache.struts2.views.velocity.components.CheckBoxDirective
2013-03-30 23:15:40,346 - Loaded User Directive: org.apache.struts2.views.velocity.components.CheckBoxListDirective
2013-03-30 23:15:40,346 - Loaded User Directive: org.apache.struts2.views.velocity.components.ComboBoxDirective
2013-03-30 23:15:40,346 - Loaded User Directive: org.apache.struts2.views.velocity.components.ComponentDirective
2013-03-30 23:15:40,346 - Loaded User Directive: org.apache.struts2.views.velocity.components.DateDirective
2013-03-30 23:15:40,346 - Loaded User Directive: org.apache.struts2.views.velocity.components.DivDirective
2013-03-30 23:15:40,346 - Loaded User Directive: org.apache.struts2.views.velocity.components.DoubleSelectDirective
2013-03-30 23:15:40,346 - Loaded User Directive: org.apache.struts2.views.velocity.components.FileDirective
2013-03-30 23:15:40,346 - Loaded User Directive: org.apache.struts2.views.velocity.components.FormDirective
2013-03-30 23:15:40,346 - Loaded User Directive: org.apache.struts2.views.velocity.components.HeadDirective
2013-03-30 23:15:40,346 - Loaded User Directive: org.apache.struts2.views.velocity.components.HiddenDirective
2013-03-30 23:15:40,346 - Loaded User Directive: org.apache.struts2.views.velocity.components.AnchorDirective
2013-03-30 23:15:40,346 - Loaded User Directive: org.apache.struts2.views.velocity.components.I18nDirective
2013-03-30 23:15:40,347 - Loaded User Directive: org.apache.struts2.views.velocity.components.IncludeDirective
2013-03-30 23:15:40,347 - Loaded User Directive: org.apache.struts2.views.velocity.components.LabelDirective
2013-03-30 23:15:40,347 - Loaded User Directive: org.apache.struts2.views.velocity.components.ParamDirective
2013-03-30 23:15:40,347 - Loaded User Directive: org.apache.struts2.views.velocity.components.PasswordDirective
2013-03-30 23:15:40,347 - Loaded User Directive: org.apache.struts2.views.velocity.components.PushDirective
2013-03-30 23:15:40,347 - Loaded User Directive: org.apache.struts2.views.velocity.components.PropertyDirective
2013-03-30 23:15:40,347 - Loaded User Directive: org.apache.struts2.views.velocity.components.RadioDirective
2013-03-30 23:15:40,347 - Loaded User Directive: org.apache.struts2.views.velocity.components.SelectDirective
2013-03-30 23:15:40,347 - Loaded User Directive: org.apache.struts2.views.velocity.components.SetDirective
2013-03-30 23:15:40,347 - Loaded User Directive: org.apache.struts2.views.velocity.components.SubmitDirective
2013-03-30 23:15:40,347 - Loaded User Directive: org.apache.struts2.views.velocity.components.ResetDirective
2013-03-30 23:15:40,347 - Loaded User Directive: org.apache.struts2.views.velocity.components.TextAreaDirective
2013-03-30 23:15:40,347 - Loaded User Directive: org.apache.struts2.views.velocity.components.TextDirective
2013-03-30 23:15:40,347 - Loaded User Directive: org.apache.struts2.views.velocity.components.TextFieldDirective
2013-03-30 23:15:40,347 - Loaded User Directive: org.apache.struts2.views.velocity.components.TokenDirective
2013-03-30 23:15:40,347 - Loaded User Directive: org.apache.struts2.views.velocity.components.URLDirective
2013-03-30 23:15:40,347 - Loaded User Directive: org.apache.struts2.views.velocity.components.ActionErrorDirective
2013-03-30 23:15:40,347 - Loaded User Directive: org.apache.struts2.views.velocity.components.ActionMessageDirective
2013-03-30 23:15:40,347 - Loaded User Directive: org.apache.struts2.views.velocity.components.FieldErrorDirective
2013-03-30 23:15:40,347 - Loaded User Directive: org.apache.struts2.views.velocity.components.OptionTransferSelectDirective
2013-03-30 23:15:40,347 - Loaded User Directive: org.apache.struts2.views.velocity.components.UpDownSelectDirective
2013-03-30 23:15:40,347 - Loaded User Directive: org.apache.struts2.dojo.views.velocity.components.DateTimePickerDirective
2013-03-30 23:15:40,348 - Loaded User Directive: org.apache.struts2.dojo.views.velocity.components.DivDirective
2013-03-30 23:15:40,348 - Loaded User Directive: org.apache.struts2.dojo.views.velocity.components.AutocompleterDirective
2013-03-30 23:15:40,348 - Loaded User Directive: org.apache.struts2.dojo.views.velocity.components.AnchorDirective
2013-03-30 23:15:40,348 - Loaded User Directive: org.apache.struts2.dojo.views.velocity.components.SubmitDirective
2013-03-30 23:15:40,348 - Loaded User Directive: org.apache.struts2.dojo.views.velocity.components.TabbedPanelDirective
2013-03-30 23:15:40,348 - Loaded User Directive: org.apache.struts2.dojo.views.velocity.components.TreeDirective
2013-03-30 23:15:40,348 - Loaded User Directive: org.apache.struts2.dojo.views.velocity.components.TreeNodeDirective
2013-03-30 23:15:40,348 - Loaded User Directive: org.apache.struts2.dojo.views.velocity.components.HeadDirective
2013-03-30 23:15:40,348 - Loaded User Directive: org.apache.struts2.dojo.views.velocity.components.BindDirective
2013-03-30 23:15:40,348 - Loaded User Directive: org.apache.struts2.dojo.views.velocity.components.TextAreaDirective
2013-03-30 23:15:40,348 - Velocity was not initialized! Calling init()...
2013-03-30 23:15:40,348 - Velocity was not initialized! Calling init()...
2013-03-30 23:15:40,348 - Velocity was not initialized! Calling init()...
2013-03-30 23:15:40,348 - Velocity was not initialized! Calling init()...
2013-03-30 23:15:40,349 - Velocity was not initialized! Calling init()...
2013-03-30 23:15:40,349 - Velocity was not initialized! Calling init()...
2013-03-30 23:15:40,349 - Velocity was not initialized! Calling init()...
2013-03-30 23:15:40,349 - Velocity was not initialized! Calling init()...
2013-03-30 23:15:40,349 - Velocity was not initialized! Calling init()...
2013-03-30 23:15:40,349 - Velocity was not initialized! Calling init()...
2013-03-30 23:15:40,350 - Velocity was not initialized! Calling init()...
2013-03-30 23:15:40,350 - Velocity was not initialized! Calling init()...
2013-03-30 23:15:40,350 - Velocity was not initialized! Calling init()...
2013-03-30 23:15:40,350 - Velocity was not initialized! Calling init()...
2013-03-30 23:15:40,350 - Velocity was not initialized! Calling init()...
2013-03-30 23:15:40,350 - Velocity was not initialized! Calling init()...
2013-03-30 23:15:40,351 - Velocity was not initialized! Calling init()...
2013-03-30 23:15:40,351 - Velocity was not initialized! Calling init()...
2013-03-30 23:15:40,351 - Velocity was not initialized! Calling init()...
2013-03-30 23:15:40,351 - Velocity was not initialized! Calling init()...
2013-03-30 23:15:40,351 - Created '20' parsers.
2013-03-30 23:15:40,352 - Velocimacro : "velocimacro.library" is not set.  Trying default library: VM_global_library.vm
2013-03-30 23:15:40,352 - Velocity was not initialized! Calling init()...
2013-03-30 23:15:40,363 - Velocimacro : Default library not found.
2013-03-30 23:15:40,363 - Velocimacro : allowInline = true : VMs can be defined inline in templates
2013-03-30 23:15:40,363 - Velocimacro : allowInlineToOverride = false : VMs defined inline may NOT replace previous VM definitions
2013-03-30 23:15:40,363 - Velocimacro : allowInlineLocal = false : VMs defined inline will be global in scope if allowed.
2013-03-30 23:15:40,363 - Velocimacro : autoload off : VM system will not automatically reload global library macros
2013-03-30 23:15:40,366 - VelocityViewServlet: Default content-type is: text/html
2013-03-30 23:16:09,572 - Log4JLogChute initialized using file 'velocity.log'
2013-03-30 23:16:09,572 - Starting Apache Velocity v1.6.4 (compiled: 2010-04-27 15:31:23)
2013-03-30 23:16:09,572 - Default Properties File: org/apache/velocity/runtime/defaults/velocity.properties
2013-03-30 23:16:09,572 - Trying to use logger class org.apache.velocity.runtime.log.AvalonLogChute
2013-03-30 23:16:09,572 - Target log system for org.apache.velocity.runtime.log.AvalonLogChute is not available (java.lang.NoClassDefFoundError: org/apache/log/format/Formatter).  Falling back to next log system...
2013-03-30 23:16:09,572 - Trying to use logger class org.apache.velocity.runtime.log.Log4JLogChute
2013-03-30 23:16:09,572 - Using logger class org.apache.velocity.runtime.log.Log4JLogChute
2013-03-30 23:16:09,575 - ResourceLoader instantiated: org.apache.velocity.runtime.resource.loader.FileResourceLoader
2013-03-30 23:16:09,575 - Do unicode file recognition:  false
2013-03-30 23:16:09,575 - FileResourceLoader : adding path '/tmp/jetty-0.0.0.0-9999-struts2-showcase.war-_struts2-showcase.war-any-/webapp'
2013-03-30 23:16:09,576 - ResourceLoader instantiated: org.apache.struts2.views.velocity.StrutsResourceLoader
2013-03-30 23:16:09,576 - ResourceCache: initialized (class org.apache.velocity.runtime.resource.ResourceCacheImpl) with class java.util.Collections$SynchronizedMap cache map.
2013-03-30 23:16:09,577 - Loaded System Directive: org.apache.velocity.runtime.directive.Define
2013-03-30 23:16:09,577 - Loaded System Directive: org.apache.velocity.runtime.directive.Break
2013-03-30 23:16:09,577 - Loaded System Directive: org.apache.velocity.runtime.directive.Evaluate
2013-03-30 23:16:09,577 - Loaded System Directive: org.apache.velocity.runtime.directive.Literal
2013-03-30 23:16:09,577 - Loaded System Directive: org.apache.velocity.runtime.directive.Macro
2013-03-30 23:16:09,577 - Loaded System Directive: org.apache.velocity.runtime.directive.Parse
2013-03-30 23:16:09,577 - Loaded System Directive: org.apache.velocity.runtime.directive.Include
2013-03-30 23:16:09,577 - Loaded System Directive: org.apache.velocity.runtime.directive.Foreach
2013-03-30 23:16:09,597 - Loaded User Directive: org.apache.struts2.views.velocity.components.ActionDirective
2013-03-30 23:16:09,598 - Loaded User Directive: org.apache.struts2.views.velocity.components.BeanDirective
2013-03-30 23:16:09,601 - Loaded User Directive: org.apache.struts2.views.velocity.components.CheckBoxDirective
2013-03-30 23:16:09,603 - Loaded User Directive: org.apache.struts2.views.velocity.components.CheckBoxListDirective
2013-03-30 23:16:09,604 - Loaded User Directive: org.apache.struts2.views.velocity.components.ComboBoxDirective
2013-03-30 23:16:09,605 - Loaded User Directive: org.apache.struts2.views.velocity.components.ComponentDirective
2013-03-30 23:16:09,606 - Loaded User Directive: org.apache.struts2.views.velocity.components.DateDirective
2013-03-30 23:16:09,616 - Loaded User Directive: org.apache.struts2.views.velocity.components.DivDirective
2013-03-30 23:16:09,617 - Loaded User Directive: org.apache.struts2.views.velocity.components.DoubleSelectDirective
2013-03-30 23:16:09,618 - Loaded User Directive: org.apache.struts2.views.velocity.components.FileDirective
2013-03-30 23:16:09,619 - Loaded User Directive: org.apache.struts2.views.velocity.components.FormDirective
2013-03-30 23:16:09,620 - Loaded User Directive: org.apache.struts2.views.velocity.components.HeadDirective
2013-03-30 23:16:09,621 - Loaded User Directive: org.apache.struts2.views.velocity.components.HiddenDirective
2013-03-30 23:16:09,622 - Loaded User Directive: org.apache.struts2.views.velocity.components.AnchorDirective
2013-03-30 23:16:09,623 - Loaded User Directive: org.apache.struts2.views.velocity.components.I18nDirective
2013-03-30 23:16:09,632 - Loaded User Directive: org.apache.struts2.views.velocity.components.IncludeDirective
2013-03-30 23:16:09,633 - Loaded User Directive: org.apache.struts2.views.velocity.components.LabelDirective
2013-03-30 23:16:09,633 - Loaded User Directive: org.apache.struts2.views.velocity.components.ParamDirective
2013-03-30 23:16:09,634 - Loaded User Directive: org.apache.struts2.views.velocity.components.PasswordDirective
2013-03-30 23:16:09,635 - Loaded User Directive: org.apache.struts2.views.velocity.components.PushDirective
2013-03-30 23:16:09,637 - Loaded User Directive: org.apache.struts2.views.velocity.components.PropertyDirective
2013-03-30 23:16:09,638 - Loaded User Directive: org.apache.struts2.views.velocity.components.RadioDirective
2013-03-30 23:16:09,639 - Loaded User Directive: org.apache.struts2.views.velocity.components.SelectDirective
2013-03-30 23:16:09,640 - Loaded User Directive: org.apache.struts2.views.velocity.components.SetDirective
2013-03-30 23:16:09,641 - Loaded User Directive: org.apache.struts2.views.velocity.components.SubmitDirective
2013-03-30 23:16:09,642 - Loaded User Directive: org.apache.struts2.views.velocity.components.ResetDirective
2013-03-30 23:16:09,643 - Loaded User Directive: org.apache.struts2.views.velocity.components.TextAreaDirective
2013-03-30 23:16:09,653 - Loaded User Directive: org.apache.struts2.views.velocity.components.TextDirective
2013-03-30 23:16:09,653 - Loaded User Directive: org.apache.struts2.views.velocity.components.TextFieldDirective
2013-03-30 23:16:09,654 - Loaded User Directive: org.apache.struts2.views.velocity.components.TokenDirective
2013-03-30 23:16:09,655 - Loaded User Directive: org.apache.struts2.views.velocity.components.URLDirective
2013-03-30 23:16:09,664 - Loaded User Directive: org.apache.struts2.views.velocity.components.ActionErrorDirective
2013-03-30 23:16:09,665 - Loaded User Directive: org.apache.struts2.views.velocity.components.ActionMessageDirective
2013-03-30 23:16:09,666 - Loaded User Directive: org.apache.struts2.views.velocity.components.FieldErrorDirective
2013-03-30 23:16:09,667 - Loaded User Directive: org.apache.struts2.views.velocity.components.OptionTransferSelectDirective
2013-03-30 23:16:09,668 - Loaded User Directive: org.apache.struts2.views.velocity.components.UpDownSelectDirective
2013-03-30 23:16:09,670 - Loaded User Directive: org.apache.struts2.dojo.views.velocity.components.DateTimePickerDirective
2013-03-30 23:16:09,673 - Loaded User Directive: org.apache.struts2.dojo.views.velocity.components.DivDirective
2013-03-30 23:16:09,674 - Loaded User Directive: org.apache.struts2.dojo.views.velocity.components.AutocompleterDirective
2013-03-30 23:16:09,675 - Loaded User Directive: org.apache.struts2.dojo.views.velocity.components.AnchorDirective
2013-03-30 23:16:09,675 - Loaded User Directive: org.apache.struts2.dojo.views.velocity.components.SubmitDirective
2013-03-30 23:16:09,687 - Loaded User Directive: org.apache.struts2.dojo.views.velocity.components.TabbedPanelDirective
2013-03-30 23:16:09,689 - Loaded User Directive: org.apache.struts2.dojo.views.velocity.components.TreeDirective
2013-03-30 23:16:09,690 - Loaded User Directive: org.apache.struts2.dojo.views.velocity.components.TreeNodeDirective
2013-03-30 23:16:09,691 - Loaded User Directive: org.apache.struts2.dojo.views.velocity.components.HeadDirective
2013-03-30 23:16:09,699 - Loaded User Directive: org.apache.struts2.dojo.views.velocity.components.BindDirective
2013-03-30 23:16:09,700 - Loaded User Directive: org.apache.struts2.dojo.views.velocity.components.TextAreaDirective
2013-03-30 23:16:09,700 - Loaded User Directive: org.apache.struts2.views.velocity.components.ActionDirective
2013-03-30 23:16:09,700 - Loaded User Directive: org.apache.struts2.views.velocity.components.BeanDirective
2013-03-30 23:16:09,700 - Loaded User Directive: org.apache.struts2.views.velocity.components.CheckBoxDirective
2013-03-30 23:16:09,700 - Loaded User Directive: org.apache.struts2.views.velocity.components.CheckBoxListDirective
2013-03-30 23:16:09,700 - Loaded User Directive: org.apache.struts2.views.velocity.components.ComboBoxDirective
2013-03-30 23:16:09,700 - Loaded User Directive: org.apache.struts2.views.velocity.components.ComponentDirective
2013-03-30 23:16:09,700 - Loaded User Directive: org.apache.struts2.views.velocity.components.DateDirective
2013-03-30 23:16:09,700 - Loaded User Directive: org.apache.struts2.views.velocity.components.DivDirective
2013-03-30 23:16:09,700 - Loaded User Directive: org.apache.struts2.views.velocity.components.DoubleSelectDirective
2013-03-30 23:16:09,700 - Loaded User Directive: org.apache.struts2.views.velocity.components.FileDirective
2013-03-30 23:16:09,700 - Loaded User Directive: org.apache.struts2.views.velocity.components.FormDirective
2013-03-30 23:16:09,700 - Loaded User Directive: org.apache.struts2.views.velocity.components.HeadDirective
2013-03-30 23:16:09,700 - Loaded User Directive: org.apache.struts2.views.velocity.components.HiddenDirective
2013-03-30 23:16:09,700 - Loaded User Directive: org.apache.struts2.views.velocity.components.AnchorDirective
2013-03-30 23:16:09,700 - Loaded User Directive: org.apache.struts2.views.velocity.components.I18nDirective
2013-03-30 23:16:09,700 - Loaded User Directive: org.apache.struts2.views.velocity.components.IncludeDirective
2013-03-30 23:16:09,701 - Loaded User Directive: org.apache.struts2.views.velocity.components.LabelDirective
2013-03-30 23:16:09,701 - Loaded User Directive: org.apache.struts2.views.velocity.components.ParamDirective
2013-03-30 23:16:09,701 - Loaded User Directive: org.apache.struts2.views.velocity.components.PasswordDirective
2013-03-30 23:16:09,701 - Loaded User Directive: org.apache.struts2.views.velocity.components.PushDirective
2013-03-30 23:16:09,701 - Loaded User Directive: org.apache.struts2.views.velocity.components.PropertyDirective
2013-03-30 23:16:09,701 - Loaded User Directive: org.apache.struts2.views.velocity.components.RadioDirective
2013-03-30 23:16:09,701 - Loaded User Directive: org.apache.struts2.views.velocity.components.SelectDirective
2013-03-30 23:16:09,701 - Loaded User Directive: org.apache.struts2.views.velocity.components.SetDirective
2013-03-30 23:16:09,701 - Loaded User Directive: org.apache.struts2.views.velocity.components.SubmitDirective
2013-03-30 23:16:09,701 - Loaded User Directive: org.apache.struts2.views.velocity.components.ResetDirective
2013-03-30 23:16:09,701 - Loaded User Directive: org.apache.struts2.views.velocity.components.TextAreaDirective
2013-03-30 23:16:09,701 - Loaded User Directive: org.apache.struts2.views.velocity.components.TextDirective
2013-03-30 23:16:09,701 - Loaded User Directive: org.apache.struts2.views.velocity.components.TextFieldDirective
2013-03-30 23:16:09,701 - Loaded User Directive: org.apache.struts2.views.velocity.components.TokenDirective
2013-03-30 23:16:09,701 - Loaded User Directive: org.apache.struts2.views.velocity.components.URLDirective
2013-03-30 23:16:09,701 - Loaded User Directive: org.apache.struts2.views.velocity.components.ActionErrorDirective
2013-03-30 23:16:09,701 - Loaded User Directive: org.apache.struts2.views.velocity.components.ActionMessageDirective
2013-03-30 23:16:09,701 - Loaded User Directive: org.apache.struts2.views.velocity.components.FieldErrorDirective
2013-03-30 23:16:09,701 - Loaded User Directive: org.apache.struts2.views.velocity.components.OptionTransferSelectDirective
2013-03-30 23:16:09,701 - Loaded User Directive: org.apache.struts2.views.velocity.components.UpDownSelectDirective
2013-03-30 23:16:09,701 - Loaded User Directive: org.apache.struts2.dojo.views.velocity.components.DateTimePickerDirective
2013-03-30 23:16:09,701 - Loaded User Directive: org.apache.struts2.dojo.views.velocity.components.DivDirective
2013-03-30 23:16:09,701 - Loaded User Directive: org.apache.struts2.dojo.views.velocity.components.AutocompleterDirective
2013-03-30 23:16:09,701 - Loaded User Directive: org.apache.struts2.dojo.views.velocity.components.AnchorDirective
2013-03-30 23:16:09,701 - Loaded User Directive: org.apache.struts2.dojo.views.velocity.components.SubmitDirective
2013-03-30 23:16:09,702 - Loaded User Directive: org.apache.struts2.dojo.views.velocity.components.TabbedPanelDirective
2013-03-30 23:16:09,702 - Loaded User Directive: org.apache.struts2.dojo.views.velocity.components.TreeDirective
2013-03-30 23:16:09,702 - Loaded User Directive: org.apache.struts2.dojo.views.velocity.components.TreeNodeDirective
2013-03-30 23:16:09,702 - Loaded User Directive: org.apache.struts2.dojo.views.velocity.components.HeadDirective
2013-03-30 23:16:09,702 - Loaded User Directive: org.apache.struts2.dojo.views.velocity.components.BindDirective
2013-03-30 23:16:09,703 - Loaded User Directive: org.apache.struts2.dojo.views.velocity.components.TextAreaDirective
2013-03-30 23:16:09,703 - Velocity was not initialized! Calling init()...
2013-03-30 23:16:09,706 - Velocity was not initialized! Calling init()...
2013-03-30 23:16:09,706 - Velocity was not initialized! Calling init()...
2013-03-30 23:16:09,706 - Velocity was not initialized! Calling init()...
2013-03-30 23:16:09,706 - Velocity was not initialized! Calling init()...
2013-03-30 23:16:09,706 - Velocity was not initialized! Calling init()...
2013-03-30 23:16:09,706 - Velocity was not initialized! Calling init()...
2013-03-30 23:16:09,707 - Velocity was not initialized! Calling init()...
2013-03-30 23:16:09,707 - Velocity was not initialized! Calling init()...
2013-03-30 23:16:09,707 - Velocity was not initialized! Calling init()...
2013-03-30 23:16:09,707 - Velocity was not initialized! Calling init()...
2013-03-30 23:16:09,707 - Velocity was not initialized! Calling init()...
2013-03-30 23:16:09,707 - Velocity was not initialized! Calling init()...
2013-03-30 23:16:09,707 - Velocity was not initialized! Calling init()...
2013-03-30 23:16:09,707 - Velocity was not initialized! Calling init()...
2013-03-30 23:16:09,707 - Velocity was not initialized! Calling init()...
2013-03-30 23:16:09,708 - Velocity was not initialized! Calling init()...
2013-03-30 23:16:09,708 - Velocity was not initialized! Calling init()...
2013-03-30 23:16:09,708 - Velocity was not initialized! Calling init()...
2013-03-30 23:16:09,708 - Velocity was not initialized! Calling init()...
2013-03-30 23:16:09,708 - Created '20' parsers.
2013-03-30 23:16:09,709 - Velocimacro : "velocimacro.library" is not set.  Trying default library: VM_global_library.vm
2013-03-30 23:16:09,709 - Velocity was not initialized! Calling init()...
2013-03-30 23:16:09,710 - Velocimacro : Default library not found.
2013-03-30 23:16:09,710 - Velocimacro : allowInline = true : VMs can be defined inline in templates
2013-03-30 23:16:09,710 - Velocimacro : allowInlineToOverride = false : VMs defined inline may NOT replace previous VM definitions
2013-03-30 23:16:09,711 - Velocimacro : allowInlineLocal = false : VMs defined inline will be global in scope if allowed.
2013-03-30 23:16:09,711 - Velocimacro : autoload off : VM system will not automatically reload global library macros
2013-03-30 23:16:09,715 - VelocityViewServlet: Default content-type is: text/html
